<?xml version="1.0" encoding="UTF-8"?>
<testng-results ignored="0" total="2" passed="2" failed="0" skipped="0">
  <reporter-output>
  </reporter-output>
  <suite started-at="2026-04-16T15:12:14 IST" name="Suite" finished-at="2026-04-16T15:12:21 IST" duration-ms="7320">
    <groups>
    </groups>
    <test started-at="2026-04-16T15:12:14 IST" name="Test" finished-at="2026-04-16T15:12:21 IST" duration-ms="7320">
      <class name="tests.sampleTest">
        <test-method is-config="true" signature="setUp()[pri:0, instance:tests.sampleTest@22635ba0]" started-at="2026-04-16T15:12:14 IST" name="setUp" finished-at="2026-04-16T15:12:20 IST" duration-ms="5995" status="PASS">
          <reporter-output>
          </reporter-output>
        </test-method> <!-- setUp -->
        <test-method is-config="true" signature="setUp()[pri:0, instance:tests.sampleTest@22635ba0]" started-at="2026-04-16T15:12:14 IST" name="setUp" finished-at="2026-04-16T15:12:20 IST" duration-ms="5456" status="PASS">
          <reporter-output>
          </reporter-output>
        </test-method> <!-- setUp -->
        <test-method signature="verifyPageName()[pri:2, instance:tests.sampleTest@22635ba0]" started-at="2026-04-16T15:12:20 IST" name="verifyPageName" finished-at="2026-04-16T15:12:20 IST" duration-ms="547" status="PASS">
          <reporter-output>
          </reporter-output>
        </test-method> <!-- verifyPageName -->
        <test-method signature="verifyLogin()[pri:1, instance:tests.sampleTest@22635ba0]" started-at="2026-04-16T15:12:20 IST" name="verifyLogin" finished-at="2026-04-16T15:12:21 IST" duration-ms="1291" status="PASS">
          <reporter-output>
          </reporter-output>
        </test-method> <!-- verifyLogin -->
        <test-method is-config="true" signature="tearDown()[pri:0, instance:tests.sampleTest@22635ba0]" started-at="2026-04-16T15:12:20 IST" name="tearDown" finished-at="2026-04-16T15:12:20 IST" duration-ms="1" status="PASS">
          <reporter-output>
          </reporter-output>
        </test-method> <!-- tearDown -->
        <test-method is-config="true" signature="tearDown()[pri:0, instance:tests.sampleTest@22635ba0]" started-at="2026-04-16T15:12:21 IST" name="tearDown" finished-at="2026-04-16T15:12:21 IST" duration-ms="0" status="PASS">
          <reporter-output>
          </reporter-output>
        </test-method> <!-- tearDown -->
      </class> <!-- tests.sampleTest -->
    </test> <!-- Test -->
  </suite> <!-- Suite -->
</testng-results>
